<?xml version="1.0" encoding="UTF-8"?>
<testsuite name="basic_demo.AppTest" tests="1" skipped="0" failures="0" errors="0" timestamp="2024-03-14T12:15:56" hostname="LAPTOP-7F9MQP64" time="0.001">
  <properties/>
  <testcase name="testAppHasAGreeting" classname="basic_demo.AppTest" time="0.001"/>
  <system-out><![CDATA[]]></system-out>
  <system-err><![CDATA[]]></system-err>
</testsuite>
